<?xml version="1.0" encoding="UTF-8"?>
<testng-results ignored="0" total="4" passed="4" failed="0" skipped="0">
  <reporter-output>
  </reporter-output>
  <suite started-at="2025-10-20T15:16:01 IST" name="Default suite" finished-at="2025-10-20T15:19:18 IST" duration-ms="197103">
    <groups>
      <group name="cucumber">
        <method signature="AbstractTestNGCucumberTests.runScenario(io.cucumber.testng.PickleWrapper,io.cucumber.testng.FeatureWrapper)[pri:0, instance:runner.TestRunner@723ca036]" name="runScenario" class="io.cucumber.testng.AbstractTestNGCucumberTests"/>
      </group> <!-- cucumber -->
    </groups>
    <test started-at="2025-10-20T15:16:01 IST" name="Default test" finished-at="2025-10-20T15:19:18 IST" duration-ms="197103">
      <class name="runner.TestRunner">
        <test-method is-config="true" signature="setUpClass(org.testng.ITestContext)[pri:0, instance:runner.TestRunner@723ca036]" started-at="2025-10-20T15:16:01 IST" name="setUpClass" finished-at="2025-10-20T15:16:02 IST" duration-ms="686" status="PASS">
          <params>
            <param index="0">
              <value>
                <![CDATA[org.testng.TestRunner@6f7a2a5]]>
              </value>
            </param>
          </params>
          <reporter-output>
          </reporter-output>
        </test-method> <!-- setUpClass -->
        <test-method signature="runScenario(io.cucumber.testng.PickleWrapper,io.cucumber.testng.FeatureWrapper)[pri:0, instance:runner.TestRunner@723ca036]" started-at="2025-10-20T15:16:02 IST" name="runScenario" description="Runs Cucumber Scenarios" data-provider="scenarios" finished-at="2025-10-20T15:17:12 IST" duration-ms="69960" status="PASS">
          <params>
            <param index="0">
              <value>
                <![CDATA["Executing the Scenario 1."]]>
              </value>
            </param>
            <param index="1">
              <value>
                <![CDATA["Opening the Amazon Website checking the Products"]]>
              </value>
            </param>
          </params>
          <reporter-output>
          </reporter-output>
        </test-method> <!-- runScenario -->
        <test-method signature="runScenario(io.cucumber.testng.PickleWrapper,io.cucumber.testng.FeatureWrapper)[pri:0, instance:runner.TestRunner@723ca036]" started-at="2025-10-20T15:17:12 IST" name="runScenario" description="Runs Cucumber Scenarios" data-provider="scenarios" finished-at="2025-10-20T15:17:56 IST" duration-ms="44433" status="PASS">
          <params>
            <param index="0">
              <value>
                <![CDATA["Executing the Scenario 2."]]>
              </value>
            </param>
            <param index="1">
              <value>
                <![CDATA["Opening the Amazon Website checking the Products by Data Driven"]]>
              </value>
            </param>
          </params>
          <reporter-output>
          </reporter-output>
        </test-method> <!-- runScenario -->
        <test-method signature="runScenario(io.cucumber.testng.PickleWrapper,io.cucumber.testng.FeatureWrapper)[pri:0, instance:runner.TestRunner@723ca036]" started-at="2025-10-20T15:17:56 IST" name="runScenario" description="Runs Cucumber Scenarios" data-provider="scenarios" finished-at="2025-10-20T15:18:37 IST" duration-ms="40614" status="PASS">
          <params>
            <param index="0">
              <value>
                <![CDATA["Executing the Scenario 2."]]>
              </value>
            </param>
            <param index="1">
              <value>
                <![CDATA["Opening the Amazon Website checking the Products by Data Driven"]]>
              </value>
            </param>
          </params>
          <reporter-output>
          </reporter-output>
        </test-method> <!-- runScenario -->
        <test-method signature="runScenario(io.cucumber.testng.PickleWrapper,io.cucumber.testng.FeatureWrapper)[pri:0, instance:runner.TestRunner@723ca036]" started-at="2025-10-20T15:18:37 IST" name="runScenario" description="Runs Cucumber Scenarios" data-provider="scenarios" finished-at="2025-10-20T15:19:18 IST" duration-ms="41310" status="PASS">
          <params>
            <param index="0">
              <value>
                <![CDATA["Executing the Scenario 2."]]>
              </value>
            </param>
            <param index="1">
              <value>
                <![CDATA["Opening the Amazon Website checking the Products by Data Driven"]]>
              </value>
            </param>
          </params>
          <reporter-output>
          </reporter-output>
        </test-method> <!-- runScenario -->
        <test-method is-config="true" signature="tearDownClass()[pri:0, instance:runner.TestRunner@723ca036]" started-at="2025-10-20T15:19:18 IST" name="tearDownClass" finished-at="2025-10-20T15:19:18 IST" duration-ms="45" status="PASS">
          <reporter-output>
          </reporter-output>
        </test-method> <!-- tearDownClass -->
      </class> <!-- runner.TestRunner -->
    </test> <!-- Default test -->
  </suite> <!-- Default suite -->
</testng-results>
