<?xml version="1.0" encoding="UTF-8"?>
<testng-results ignored="0" total="4" passed="4" failed="0" skipped="0">
  <reporter-output>
  </reporter-output>
  <suite started-at="2025-10-16T18:00:56 IST" name="Default suite" finished-at="2025-10-16T18:04:05 IST" duration-ms="188628">
    <groups>
      <group name="cucumber">
        <method signature="AbstractTestNGCucumberTests.runScenario(io.cucumber.testng.PickleWrapper,io.cucumber.testng.FeatureWrapper)[pri:0, instance:runner.TestRunner@302c971f]" name="runScenario" class="io.cucumber.testng.AbstractTestNGCucumberTests"/>
      </group> <!-- cucumber -->
    </groups>
    <test started-at="2025-10-16T18:00:56 IST" name="Default test" finished-at="2025-10-16T18:04:05 IST" duration-ms="188628">
      <class name="runner.TestRunner">
        <test-method is-config="true" signature="setUpClass(org.testng.ITestContext)[pri:0, instance:runner.TestRunner@302c971f]" started-at="2025-10-16T18:00:56 IST" name="setUpClass" finished-at="2025-10-16T18:00:57 IST" duration-ms="685" status="PASS">
          <params>
            <param index="0">
              <value>
                <![CDATA[org.testng.TestRunner@2d64c100]]>
              </value>
            </param>
          </params>
          <reporter-output>
          </reporter-output>
        </test-method> <!-- setUpClass -->
        <test-method signature="runScenario(io.cucumber.testng.PickleWrapper,io.cucumber.testng.FeatureWrapper)[pri:0, instance:runner.TestRunner@302c971f]" started-at="2025-10-16T18:00:57 IST" name="runScenario" description="Runs Cucumber Scenarios" data-provider="scenarios" finished-at="2025-10-16T18:02:03 IST" duration-ms="66079" status="PASS">
          <params>
            <param index="0">
              <value>
                <![CDATA["Executing the Scenario 1."]]>
              </value>
            </param>
            <param index="1">
              <value>
                <![CDATA["Launch the Browser"]]>
              </value>
            </param>
          </params>
          <reporter-output>
          </reporter-output>
        </test-method> <!-- runScenario -->
        <test-method signature="runScenario(io.cucumber.testng.PickleWrapper,io.cucumber.testng.FeatureWrapper)[pri:0, instance:runner.TestRunner@302c971f]" started-at="2025-10-16T18:02:03 IST" name="runScenario" description="Runs Cucumber Scenarios" data-provider="scenarios" finished-at="2025-10-16T18:02:45 IST" duration-ms="42457" status="PASS">
          <params>
            <param index="0">
              <value>
                <![CDATA["Executing the Scenario 2."]]>
              </value>
            </param>
            <param index="1">
              <value>
                <![CDATA["Launch the Browser"]]>
              </value>
            </param>
          </params>
          <reporter-output>
          </reporter-output>
        </test-method> <!-- runScenario -->
        <test-method signature="runScenario(io.cucumber.testng.PickleWrapper,io.cucumber.testng.FeatureWrapper)[pri:0, instance:runner.TestRunner@302c971f]" started-at="2025-10-16T18:02:45 IST" name="runScenario" description="Runs Cucumber Scenarios" data-provider="scenarios" finished-at="2025-10-16T18:03:25 IST" duration-ms="39110" status="PASS">
          <params>
            <param index="0">
              <value>
                <![CDATA["Executing the Scenario 2."]]>
              </value>
            </param>
            <param index="1">
              <value>
                <![CDATA["Launch the Browser"]]>
              </value>
            </param>
          </params>
          <reporter-output>
          </reporter-output>
        </test-method> <!-- runScenario -->
        <test-method signature="runScenario(io.cucumber.testng.PickleWrapper,io.cucumber.testng.FeatureWrapper)[pri:0, instance:runner.TestRunner@302c971f]" started-at="2025-10-16T18:03:25 IST" name="runScenario" description="Runs Cucumber Scenarios" data-provider="scenarios" finished-at="2025-10-16T18:04:05 IST" duration-ms="40185" status="PASS">
          <params>
            <param index="0">
              <value>
                <![CDATA["Executing the Scenario 2."]]>
              </value>
            </param>
            <param index="1">
              <value>
                <![CDATA["Launch the Browser"]]>
              </value>
            </param>
          </params>
          <reporter-output>
          </reporter-output>
        </test-method> <!-- runScenario -->
        <test-method is-config="true" signature="tearDownClass()[pri:0, instance:runner.TestRunner@302c971f]" started-at="2025-10-16T18:04:05 IST" name="tearDownClass" finished-at="2025-10-16T18:04:05 IST" duration-ms="54" status="PASS">
          <reporter-output>
          </reporter-output>
        </test-method> <!-- tearDownClass -->
      </class> <!-- runner.TestRunner -->
    </test> <!-- Default test -->
  </suite> <!-- Default suite -->
</testng-results>
